<?xml version="1.0" encoding="UTF-8"?>
<!-- Generated by org.testng.reporters.JUnitReportReporter -->
<testsuite hostname="Koi" failures="0" tests="6" name="testsPackage.SearchTest" time="34.305" errors="0" timestamp="2023-02-24T19:51:54 IST" skipped="0">
  <testcase classname="testsPackage.SearchTest" name="tc_12_searchStock1" time="2.961"/>
  <system-out/>
  <testcase classname="testsPackage.SearchTest" name="tc_13_searchFuture1" time="1.735"/>
  <system-out/>
  <testcase classname="testsPackage.SearchTest" name="tc_12_searchStock1" time="4.013"/>
  <system-out/>
  <testcase classname="testsPackage.SearchTest" name="tc_13_searchFuture1" time="16.078"/>
  <system-out/>
  <testcase classname="testsPackage.SearchTest" name="tc_13_searchFuture1" time="4.455"/>
  <system-out/>
  <testcase classname="testsPackage.SearchTest" name="tc_12_searchStock1" time="5.063"/>
  <system-out/>
</testsuite> <!-- testsPackage.SearchTest -->
