<?xml version="1.0" encoding="UTF-8"?>
<!-- Generated by org.testng.reporters.JUnitReportReporter -->
<testsuite hostname="Koi" failures="0" tests="5" name="testsPackage.PortfolioTest" time="9.624" errors="0" timestamp="2023-02-24T18:59:25 IST" skipped="0">
  <testcase classname="testsPackage.PortfolioTest" name="tc_07_createNewPortfolio" time="7.088"/>
  <system-out/>
  <testcase classname="testsPackage.PortfolioTest" name="tc_08_fillLine2" time="0.538"/>
  <system-out/>
  <testcase classname="testsPackage.PortfolioTest" name="tc_09_addRowsButton" time="0.073"/>
  <system-out/>
  <testcase classname="testsPackage.PortfolioTest" name="tc_10_saveButton" time="1.858"/>
  <system-out/>
  <testcase classname="testsPackage.PortfolioTest" name="tc_11_deleteButton" time="0.067"/>
  <system-out/>
</testsuite> <!-- testsPackage.PortfolioTest -->
