<?xml version="1.0" encoding="UTF-8"?>
<!-- Generated by org.testng.reporters.JUnitReportReporter -->
<testsuite hostname="Koi" failures="0" tests="3" name="testsPackage.HomePageTest" time="2.724" errors="0" timestamp="2023-02-23T17:54:36 IST" skipped="0">
  <testcase classname="testsPackage.HomePageTest" name="tc_01_stockCanvasButton" time="2.154"/>
  <system-out/>
  <testcase classname="testsPackage.HomePageTest" name="tc_02_lastArticleLink" time="0.113"/>
  <system-out/>
  <testcase classname="testsPackage.HomePageTest" name="tc_03_helpButton" time="0.457"/>
  <system-out/>
</testsuite> <!-- testsPackage.HomePageTest -->
