<?xml version="1.0" encoding="UTF-8"?>
<!-- Generated by org.testng.reporters.JUnitReportReporter -->
<testsuite hostname="Koi" failures="0" tests="1" name="testsPackage.SubscriptionTest" time="17.957" errors="0" timestamp="2023-02-24T20:15:24 IST" skipped="0">
  <testcase classname="testsPackage.SubscriptionTest" name="tc_14_buyMonthlyPlan" time="17.957"/>
  <system-out/>
</testsuite> <!-- testsPackage.SubscriptionTest -->
